-------------------------------------------------------------------------------
Test set: com.spring.core.DataInitializerTest
-------------------------------------------------------------------------------
Tests run: 1, Failures: 0, Errors: 1, Skipped: 0, Time elapsed: 0.122 s <<< FAILURE! - in com.spring.core.DataInitializerTest
testInitializeProducts(com.spring.core.DataInitializerTest)  Time elapsed: 0.119 s  <<< ERROR!
java.lang.IllegalArgumentException: Resource location must not be null
	at com.spring.core.DataInitializerTest.initialDataInitializer(DataInitializerTest.java:27)

